<?xml version="1.0" encoding="UTF-8"?>
<!-- Generated by org.testng.reporters.JUnitXMLReporter -->
<testsuite ignored="6" hostname="LAPTOP-JR88P5KR" failures="0" tests="10" name="Test" time="111.323" errors="0" timestamp="2025-07-23T22:25:40 IST">
  <testcase classname="com.comcast.crm.orgTest.CreateOrgTest" name="CreaOrgWithIndus" time="8.268"/>
  <testcase classname="com.comcast.crm.orgTest.CreateOrgTest" name="CreaOrgWithPhone" time="5.667"/>
  <testcase classname="com.comcast.crm.orgTest.CreateOrgTest" name="CreateOrg" time="7.402"/>
  <testcase classname="com.comcast.crm.contactTest.CreateContactTest" name="CreaContactWithSupportDate" time="8.085"/>
  <testcase classname="com.comcast.crm.contactTest.CreateContactTest" name="CreateContactWithOrg" time="14.252"/>
  <testcase classname="com.comcast.crm.contactTest.CreateContactTest" name="createContactTest" time="5.477"/>
  <testcase classname="com.comcast.crm.leadTest.CreateLeadTest" name="CreateLeadWithPhone" time="5.506"/>
  <testcase classname="com.comcast.crm.leadTest.CreateLeadTest" name="CreateLeads" time="5.219"/>
  <testcase classname="com.comcast.crm.productTest.CreateProductTest" name="CreaProductWIthType" time="7.248"/>
  <testcase classname="com.comcast.crm.productTest.CreateProductTest" name="CreateProduct" time="5.243"/>
  <testcase classname="com.comcast.crm.baseTest.BaseClass" name="@BeforeSuite configBS" time="0.0">
    <ignored/>
  </testcase> <!-- @BeforeSuite configBS -->
  <testcase classname="com.comcast.crm.baseTest.BaseClass" name="@AfterSuite configAS" time="0.0">
    <ignored/>
  </testcase> <!-- @AfterSuite configAS -->
  <testcase classname="com.comcast.crm.baseTest.BaseClass" name="@BeforeSuite configBS" time="0.0">
    <ignored/>
  </testcase> <!-- @BeforeSuite configBS -->
  <testcase classname="com.comcast.crm.baseTest.BaseClass" name="@AfterSuite configAS" time="0.0">
    <ignored/>
  </testcase> <!-- @AfterSuite configAS -->
  <testcase classname="com.comcast.crm.baseTest.BaseClass" name="@AfterSuite configAS" time="0.0">
    <ignored/>
  </testcase> <!-- @AfterSuite configAS -->
  <testcase classname="com.comcast.crm.baseTest.BaseClass" name="@BeforeSuite configBS" time="0.0">
    <ignored/>
  </testcase> <!-- @BeforeSuite configBS -->
</testsuite> <!-- Test -->
