<?xml version="1.0" encoding="UTF-8"?>
<testsuite xmlns:xsi="http://www.w3.org/2001/XMLSchema-instance" xsi:noNamespaceSchemaLocation="https://maven.apache.org/surefire/maven-surefire-plugin/xsd/surefire-test-report.xsd" version="3.0.2" name="TestSuite" time="112.972" tests="10" errors="0" skipped="0" failures="0">
  <properties>
[...]
</properties>
  <testcase name="CreaOrgWithIndus" classname="com.comcast.crm.orgTest.CreateOrgTest" time="8.282">
    <system-out><![CDATA[===connect to DB,Report config===
=============Launch the browser======================
B:Edge
=============login===================
]]></system-out>
    <system-err><![CDATA[SLF4J(W): No SLF4J providers were found.
SLF4J(W): Defaulting to no-operation (NOP) logger implementation
SLF4J(W): See https://www.slf4j.org/codes.html#noProviders for further details.
Loading class `com.mysql.jdbc.Driver'. This is deprecated. The new driver class is `com.mysql.cj.jdbc.Driver'. The driver is automatically registered via the SPI and manual loading of the driver class is generally unnecessary.
Jul 23, 2025 10:23:48 PM io.opentelemetry.api.GlobalOpenTelemetry maybeAutoConfigureAndSetGlobal
INFO: AutoConfiguredOpenTelemetrySdk found on classpath but automatic configuration is disabled. To enable, run your JVM with -Dotel.java.global-autoconfigure.enabled=true
Jul 23, 2025 10:23:50 PM org.openqa.selenium.manager.SeleniumManager lambda$runCommand$1
WARNING: There was an error managing msedgedriver (error sending request for url (https://msedgedriver.azureedge.net/LATEST_RELEASE_138_WINDOWS)); using driver found in the cache
Jul 23, 2025 10:23:52 PM org.openqa.selenium.devtools.CdpVersionFinder findNearestMatch
WARNING: Unable to find CDP implementation matching 138
Jul 23, 2025 10:23:52 PM org.openqa.selenium.chromium.ChromiumDriver lambda$new$4
WARNING: Unable to find version of CDP to use for 138.0.3351.95. You may need to include a dependency on a specific version of the CDP using something similar to `org.seleniumhq.selenium:selenium-devtools-v86:4.28.1` where the version ("v86") matches the version of the chromium-based browser you're using and the version number of the artifact is the same as Selenium's.
ERROR StatusLogger Log4j2 could not find a logging implementation. Please add log4j-core to the classpath. Using SimpleLogger to log to the console...
]]></system-err>
  </testcase>
  <testcase name="CreaOrgWithPhone" classname="com.comcast.crm.orgTest.CreateOrgTest" time="5.666">
    <system-out><![CDATA[============================logout===================
=============login===================
]]></system-out>
  </testcase>
  <testcase name="CreateOrg" classname="com.comcast.crm.orgTest.CreateOrgTest" time="7.402">
    <system-out><![CDATA[============================logout===================
=============login===================
]]></system-out>
  </testcase>
  <testcase name="CreaContactWithSupportDate" classname="com.comcast.crm.contactTest.CreateContactTest" time="8.086">
    <system-out><![CDATA[============================logout===================
=======================close browser==============================
=============Launch the browser======================
B:Edge
=============login===================
]]></system-out>
    <system-err><![CDATA[Jul 23, 2025 10:24:22 PM org.openqa.selenium.manager.SeleniumManager lambda$runCommand$1
WARNING: There was an error managing msedgedriver (error sending request for url (https://msedgedriver.azureedge.net/LATEST_RELEASE_138_WINDOWS)); using driver found in the cache
Jul 23, 2025 10:24:24 PM org.openqa.selenium.devtools.CdpVersionFinder findNearestMatch
WARNING: Unable to find CDP implementation matching 138
Jul 23, 2025 10:24:24 PM org.openqa.selenium.chromium.ChromiumDriver lambda$new$4
WARNING: Unable to find version of CDP to use for 138.0.3351.95. You may need to include a dependency on a specific version of the CDP using something similar to `org.seleniumhq.selenium:selenium-devtools-v86:4.28.1` where the version ("v86") matches the version of the chromium-based browser you're using and the version number of the artifact is the same as Selenium's.
]]></system-err>
  </testcase>
  <testcase name="CreateContactWithOrg" classname="com.comcast.crm.contactTest.CreateContactTest" time="14.253">
    <system-out><![CDATA[============================logout===================
=============login===================
]]></system-out>
  </testcase>
  <testcase name="createContactTest" classname="com.comcast.crm.contactTest.CreateContactTest" time="5.477">
    <system-out><![CDATA[============================logout===================
=============login===================
]]></system-out>
  </testcase>
  <testcase name="CreateLeadWithPhone" classname="com.comcast.crm.leadTest.CreateLeadTest" time="5.512">
    <system-out><![CDATA[============================logout===================
=======================close browser==============================
=============Launch the browser======================
B:Edge
=============login===================
]]></system-out>
    <system-err><![CDATA[Jul 23, 2025 10:25:02 PM org.openqa.selenium.manager.SeleniumManager lambda$runCommand$1
WARNING: There was an error managing msedgedriver (error sending request for url (https://msedgedriver.azureedge.net/LATEST_RELEASE_138_WINDOWS)); using driver found in the cache
Jul 23, 2025 10:25:03 PM org.openqa.selenium.devtools.CdpVersionFinder findNearestMatch
WARNING: Unable to find CDP implementation matching 138
Jul 23, 2025 10:25:03 PM org.openqa.selenium.chromium.ChromiumDriver lambda$new$4
WARNING: Unable to find version of CDP to use for 138.0.3351.95. You may need to include a dependency on a specific version of the CDP using something similar to `org.seleniumhq.selenium:selenium-devtools-v86:4.28.1` where the version ("v86") matches the version of the chromium-based browser you're using and the version number of the artifact is the same as Selenium's.
]]></system-err>
  </testcase>
  <testcase name="CreateLeads" classname="com.comcast.crm.leadTest.CreateLeadTest" time="5.216">
    <system-out><![CDATA[============================logout===================
=============login===================
]]></system-out>
  </testcase>
  <testcase name="CreaProductWIthType" classname="com.comcast.crm.productTest.CreateProductTest" time="7.252">
    <system-out><![CDATA[============================logout===================
=======================close browser==============================
=============Launch the browser======================
B:Edge
=============login===================
]]></system-out>
    <system-err><![CDATA[Jul 23, 2025 10:25:22 PM org.openqa.selenium.manager.SeleniumManager lambda$runCommand$1
WARNING: There was an error managing msedgedriver (error sending request for url (https://msedgedriver.azureedge.net/LATEST_RELEASE_138_WINDOWS)); using driver found in the cache
Jul 23, 2025 10:25:23 PM org.openqa.selenium.devtools.CdpVersionFinder findNearestMatch
WARNING: Unable to find CDP implementation matching 138
Jul 23, 2025 10:25:23 PM org.openqa.selenium.chromium.ChromiumDriver lambda$new$4
WARNING: Unable to find version of CDP to use for 138.0.3351.95. You may need to include a dependency on a specific version of the CDP using something similar to `org.seleniumhq.selenium:selenium-devtools-v86:4.28.1` where the version ("v86") matches the version of the chromium-based browser you're using and the version number of the artifact is the same as Selenium's.
]]></system-err>
  </testcase>
  <testcase name="CreateProduct" classname="com.comcast.crm.productTest.CreateProductTest" time="5.24">
    <system-out><![CDATA[============================logout===================
=============login===================
]]></system-out>
  </testcase>
</testsuite>