<?xml version="1.0" encoding="UTF-8"?>
<!-- Generated by org.testng.reporters.JUnitXMLReporter -->
<testsuite ignored="6" hostname="LAPTOP-JR88P5KR" failures="0" tests="9" name="Test" time="289.398" errors="0" timestamp="2025-08-18T17:51:08 IST">
  <testcase classname="Accessories.AccessoriesTest" name="AccessoriesHover" time="34.404"/>
  <testcase classname="Accessories.AccessoriesTest" name="AccessorieswithPrice" time="51.086"/>
  <testcase classname="Fragrance.FragranceTest" name="FragrancewithCategory" time="30.305"/>
  <testcase classname="Fragrance.FragranceTest" name="fTest" time="28.995"/>
  <testcase classname="Fragrance.FragranceTest" name="fragranceHover" time="35.621"/>
  <testcase classname="SmokeTesting.SmokeTest" name="SmokeAddCart" time="16.153"/>
  <testcase classname="SmokeTesting.SmokeTest" name="SmokeRemoveFromCart" time="17.703"/>
  <testcase classname="Integration.IntegrationTest" name="HomeToJournal" time="8.907"/>
  <testcase classname="Integration.IntegrationTest" name="HomeToOurStory" time="9.004"/>
  <testcase classname="com.maegen.baseTest.BaseClass" name="@AfterSuite configAS" time="0.0">
    <ignored/>
  </testcase> <!-- @AfterSuite configAS -->
  <testcase classname="com.maegen.baseTest.BaseClass" name="@AfterSuite configAS" time="0.0">
    <ignored/>
  </testcase> <!-- @AfterSuite configAS -->
  <testcase classname="com.maegen.baseTest.BaseClass" name="@BeforeSuite configBS" time="0.0">
    <ignored/>
  </testcase> <!-- @BeforeSuite configBS -->
  <testcase classname="com.maegen.baseTest.BaseClass" name="@AfterSuite configAS" time="0.0">
    <ignored/>
  </testcase> <!-- @AfterSuite configAS -->
  <testcase classname="com.maegen.baseTest.BaseClass" name="@BeforeSuite configBS" time="0.0">
    <ignored/>
  </testcase> <!-- @BeforeSuite configBS -->
  <testcase classname="com.maegen.baseTest.BaseClass" name="@BeforeSuite configBS" time="0.0">
    <ignored/>
  </testcase> <!-- @BeforeSuite configBS -->
</testsuite> <!-- Test -->
