<?xml version="1.0" encoding="UTF-8"?>
<!-- Generated by org.testng.reporters.JUnitXMLReporter -->
<testsuite ignored="0" hostname="LAPTOP-JR88P5KR" failures="0" tests="3" name="Test" time="31.928" errors="0" timestamp="2025-07-30T15:53:21 IST">
  <testcase classname="com.comcast.crm.contactTest.CreateContactTest" name="CreaContactWithSupportDate" time="7.793"/>
  <testcase classname="com.comcast.crm.contactTest.CreateContactTest" name="CreateContactWithOrg" time="12.497"/>
  <testcase classname="com.comcast.crm.contactTest.CreateContactTest" name="createContactTest" time="6.006"/>
</testsuite> <!-- Test -->
