<?xml version="1.0" encoding="UTF-8"?>
<testng-results ignored="0" total="1" passed="1" failed="0" skipped="0">
  <reporter-output>
  </reporter-output>
  <suite started-at="2025-08-15T19:53:52 IST" name="Default suite" finished-at="2025-08-15T19:54:16 IST" duration-ms="23887">
    <groups>
    </groups>
    <test started-at="2025-08-15T19:53:52 IST" name="Default test" finished-at="2025-08-15T19:54:16 IST" duration-ms="23887">
      <class name="Fragrance.FragranceTest">
        <test-method is-config="true" signature="configBS()[pri:0, instance:Fragrance.FragranceTest@b3ca52e]" started-at="2025-08-15T19:53:52 IST" name="configBS" finished-at="2025-08-15T19:53:52 IST" duration-ms="502" status="PASS">
          <reporter-output>
          </reporter-output>
        </test-method> <!-- configBS -->
        <test-method is-config="true" signature="configBC()[pri:0, instance:Fragrance.FragranceTest@b3ca52e]" started-at="2025-08-15T19:53:52 IST" name="configBC" finished-at="2025-08-15T19:53:56 IST" duration-ms="3726" status="PASS">
          <reporter-output>
          </reporter-output>
        </test-method> <!-- configBC -->
        <test-method is-config="true" signature="configBM()[pri:0, instance:Fragrance.FragranceTest@b3ca52e]" started-at="2025-08-15T19:53:56 IST" name="configBM" finished-at="2025-08-15T19:53:56 IST" duration-ms="1" status="PASS">
          <reporter-output>
          </reporter-output>
        </test-method> <!-- configBM -->
        <test-method signature="fTest()[pri:0, instance:Fragrance.FragranceTest@b3ca52e]" started-at="2025-08-15T19:53:56 IST" name="fTest" finished-at="2025-08-15T19:54:16 IST" duration-ms="20109" status="PASS">
          <reporter-output>
          </reporter-output>
        </test-method> <!-- fTest -->
        <test-method is-config="true" signature="configAM()[pri:0, instance:Fragrance.FragranceTest@b3ca52e]" started-at="2025-08-15T19:54:16 IST" name="configAM" finished-at="2025-08-15T19:54:16 IST" duration-ms="2" status="PASS">
          <reporter-output>
          </reporter-output>
        </test-method> <!-- configAM -->
        <test-method is-config="true" signature="configAC()[pri:0, instance:Fragrance.FragranceTest@b3ca52e]" started-at="2025-08-15T19:54:16 IST" name="configAC" finished-at="2025-08-15T19:54:16 IST" duration-ms="0" status="PASS">
          <reporter-output>
          </reporter-output>
        </test-method> <!-- configAC -->
        <test-method is-config="true" signature="configAS()[pri:0, instance:Fragrance.FragranceTest@b3ca52e]" started-at="2025-08-15T19:54:16 IST" name="configAS" finished-at="2025-08-15T19:54:16 IST" duration-ms="5" status="PASS">
          <reporter-output>
          </reporter-output>
        </test-method> <!-- configAS -->
      </class> <!-- Fragrance.FragranceTest -->
    </test> <!-- Default test -->
  </suite> <!-- Default suite -->
</testng-results>
